<?xml version="1.0" encoding="UTF-8"?>
<!-- Generated by org.testng.reporters.JUnitReportReporter -->
<testsuite hostname="PSQ-152" name="AutomationFrmwork.Specs" tests="4" failures="0" timestamp="6 Sep 2016 10:02:45 GMT" time="38.151" errors="0">
  <testcase name="loginToApp" time="5.945" classname="AutomationFrmwork.Specs"/>
  <testcase name="WrongUsernameWhileLogin" time="18.535" classname="AutomationFrmwork.Specs"/>
  <testcase name="WrongPasswordWhileLogin" time="4.348" classname="AutomationFrmwork.Specs"/>
  <testcase name="VerifyApplicationPage" time="9.323" classname="AutomationFrmwork.Specs"/>
</testsuite> <!-- AutomationFrmwork.Specs -->
