<?xml version="1.0" encoding="UTF-8"?>
<!-- Generated by org.testng.reporters.JUnitReportReporter -->
<testsuite hostname="PSQ-152" name="AutomationFrmwork.Dashboard" tests="1" failures="0" timestamp="15 Sep 2016 09:19:52 GMT" time="28.828" errors="0">
  <testcase name="VerifyUploadDocPage" time="28.828" classname="AutomationFrmwork.Dashboard"/>
</testsuite> <!-- AutomationFrmwork.Dashboard -->
