<?xml version="1.0" encoding="UTF-8"?>
<!-- Generated by org.testng.reporters.JUnitReportReporter -->
<testsuite hostname="PSQ-152" name="AutomationFrmwork.Specs" tests="1" failures="0" timestamp="2 Sep 2016 09:20:27 GMT" time="29.088" errors="0">
  <testcase name="loginToApp" time="29.088" classname="AutomationFrmwork.Specs"/>
</testsuite> <!-- AutomationFrmwork.Specs -->
